# JRE version: OpenJDK Runtime Environment (11.0.15) (build 11.0.15+0-b2043.56-8887301)
# Java VM: OpenJDK 64-Bit Server VM (11.0.15+0-b2043.56-8887301, mixed mode, tiered, compressed oops, g1 gc, windows-amd64)
Heap:
 garbage-first heap   total 131072K, used 89498K [0x0000000080000000, 0x0000000100000000)
  region size 1024K, 34 young (34816K), 7 survivors (7168K)
 Metaspace       used 73740K, capacity 75580K, committed 75676K, reserved 1114112K
  class space    used 9525K, capacity 10157K, committed 10240K, reserved 1048576K
GC Heap History (20 events):
Event: 20.245 GC heap before
{Heap before GC invocations=6 (full 0):
 garbage-first heap   total 131072K, used 63233K [0x0000000080000000, 0x0000000100000000)
  region size 1024K, 50 young (51200K), 4 survivors (4096K)
 Metaspace       used 26445K, capacity 27074K, committed 27132K, reserved 1073152K
  class space    used 3323K, capacity 3553K, committed 3584K, reserved 1048576K
}
Event: 20.254 GC heap after
{Heap after GC invocations=7 (full 0):
 garbage-first heap   total 131072K, used 18039K [0x0000000080000000, 0x0000000100000000)
  region size 1024K, 5 young (5120K), 5 survivors (5120K)
 Metaspace       used 26445K, capacity 27074K, committed 27132K, reserved 1073152K
  class space    used 3323K, capacity 3553K, committed 3584K, reserved 1048576K
}
Event: 22.152 GC heap before
{Heap before GC invocations=7 (full 0):
 garbage-first heap   total 131072K, used 66167K [0x0000000080000000, 0x0000000100000000)
  region size 1024K, 53 young (54272K), 5 survivors (5120K)
 Metaspace       used 35213K, capacity 35863K, committed 35964K, reserved 1081344K
  class space    used 4414K, capacity 4654K, committed 4736K, reserved 1048576K
}
Event: 22.170 GC heap after
{Heap after GC invocations=8 (full 0):
 garbage-first heap   total 131072K, used 21766K [0x0000000080000000, 0x0000000100000000)
  region size 1024K, 9 young (9216K), 9 survivors (9216K)
 Metaspace       used 35213K, capacity 35863K, committed 35964K, reserved 1081344K
  class space    used 4414K, capacity 4654K, committed 4736K, reserved 1048576K
}
Event: 24.329 GC heap before
{Heap before GC invocations=9 (full 0):
 garbage-first heap   total 131072K, used 80134K [0x0000000080000000, 0x0000000100000000)
  region size 1024K, 63 young (64512K), 9 survivors (9216K)
 Metaspace       used 40311K, capacity 41175K, committed 41212K, reserved 1085440K
  class space    used 5059K, capacity 5364K, committed 5376K, reserved 1048576K
}
Event: 24.349 GC heap after
{Heap after GC invocations=10 (full 0):
 garbage-first heap   total 131072K, used 25226K [0x0000000080000000, 0x0000000100000000)
  region size 1024K, 8 young (8192K), 8 survivors (8192K)
 Metaspace       used 40311K, capacity 41175K, committed 41212K, reserved 1085440K
  class space    used 5059K, capacity 5364K, committed 5376K, reserved 1048576K
}
Event: 27.362 GC heap before
{Heap before GC invocations=10 (full 0):
 garbage-first heap   total 131072K, used 88714K [0x0000000080000000, 0x0000000100000000)
  region size 1024K, 69 young (70656K), 8 survivors (8192K)
 Metaspace       used 43690K, capacity 44653K, committed 44796K, reserved 1087488K
  class space    used 5488K, capacity 5818K, committed 5888K, reserved 1048576K
}
Event: 27.377 GC heap after
{Heap after GC invocations=11 (full 0):
 garbage-first heap   total 131072K, used 31350K [0x0000000080000000, 0x0000000100000000)
  region size 1024K, 9 young (9216K), 9 survivors (9216K)
 Metaspace       used 43690K, capacity 44653K, committed 44796K, reserved 1087488K
  class space    used 5488K, capacity 5818K, committed 5888K, reserved 1048576K
}
Event: 28.865 GC heap before
{Heap before GC invocations=11 (full 0):
 garbage-first heap   total 131072K, used 95862K [0x0000000080000000, 0x0000000100000000)
  region size 1024K, 71 young (72704K), 9 survivors (9216K)
 Metaspace       used 52149K, capacity 53376K, committed 53628K, reserved 1095680K
  class space    used 6525K, capacity 6948K, committed 7040K, reserved 1048576K
}
Event: 28.879 GC heap after
{Heap after GC invocations=12 (full 0):
 garbage-first heap   total 131072K, used 39082K [0x0000000080000000, 0x0000000100000000)
  region size 1024K, 6 young (6144K), 6 survivors (6144K)
 Metaspace       used 52149K, capacity 53376K, committed 53628K, reserved 1095680K
  class space    used 6525K, capacity 6948K, committed 7040K, reserved 1048576K
}
Event: 30.303 GC heap before
{Heap before GC invocations=12 (full 0):
 garbage-first heap   total 131072K, used 88234K [0x0000000080000000, 0x0000000100000000)
  region size 1024K, 55 young (56320K), 6 survivors (6144K)
 Metaspace       used 58831K, capacity 60195K, committed 60284K, reserved 1101824K
  class space    used 7300K, capacity 7763K, committed 7808K, reserved 1048576K
}
Event: 30.322 GC heap after
{Heap after GC invocations=13 (full 0):
 garbage-first heap   total 131072K, used 44052K [0x0000000080000000, 0x0000000100000000)
  region size 1024K, 5 young (5120K), 5 survivors (5120K)
 Metaspace       used 58831K, capacity 60195K, committed 60284K, reserved 1101824K
  class space    used 7300K, capacity 7763K, committed 7808K, reserved 1048576K
}
Event: 31.761 GC heap before
{Heap before GC invocations=14 (full 0):
 garbage-first heap   total 131072K, used 97300K [0x0000000080000000, 0x0000000100000000)
  region size 1024K, 57 young (58368K), 5 survivors (5120K)
 Metaspace       used 63153K, capacity 64676K, committed 64796K, reserved 1105920K
  class space    used 7980K, capacity 8492K, committed 8576K, reserved 1048576K
}
Event: 31.774 GC heap after
{Heap after GC invocations=15 (full 0):
 garbage-first heap   total 131072K, used 49053K [0x0000000080000000, 0x0000000100000000)
  region size 1024K, 5 young (5120K), 5 survivors (5120K)
 Metaspace       used 63153K, capacity 64676K, committed 64796K, reserved 1105920K
  class space    used 7980K, capacity 8492K, committed 8576K, reserved 1048576K
}
Event: 32.592 GC heap before
{Heap before GC invocations=15 (full 0):
 garbage-first heap   total 131072K, used 100253K [0x0000000080000000, 0x0000000100000000)
  region size 1024K, 55 young (56320K), 5 survivors (5120K)
 Metaspace       used 66245K, capacity 67760K, committed 67868K, reserved 1107968K
  class space    used 8442K, capacity 9001K, committed 9088K, reserved 1048576K
}
Event: 32.604 GC heap after
{Heap after GC invocations=16 (full 0):
 garbage-first heap   total 131072K, used 53322K [0x0000000080000000, 0x0000000100000000)
  region size 1024K, 5 young (5120K), 5 survivors (5120K)
 Metaspace       used 66245K, capacity 67760K, committed 67868K, reserved 1107968K
  class space    used 8442K, capacity 9001K, committed 9088K, reserved 1048576K
}
Event: 34.144 GC heap before
{Heap before GC invocations=16 (full 0):
 garbage-first heap   total 131072K, used 102474K [0x0000000080000000, 0x0000000100000000)
  region size 1024K, 53 young (54272K), 5 survivors (5120K)
 Metaspace       used 70892K, capacity 72595K, committed 72860K, reserved 1112064K
  class space    used 9121K, capacity 9698K, committed 9728K, reserved 1048576K
}
Event: 34.157 GC heap after
{Heap after GC invocations=17 (full 0):
 garbage-first heap   total 131072K, used 56526K [0x0000000080000000, 0x0000000100000000)
  region size 1024K, 4 young (4096K), 4 survivors (4096K)
 Metaspace       used 70892K, capacity 72595K, committed 72860K, reserved 1112064K
  class space    used 9121K, capacity 9698K, committed 9728K, reserved 1048576K
}
Event: 35.159 GC heap before
{Heap before GC invocations=17 (full 0):
 garbage-first heap   total 131072K, used 104654K [0x0000000080000000, 0x0000000100000000)
  region size 1024K, 51 young (52224K), 4 survivors (4096K)
 Metaspace       used 71717K, capacity 73434K, committed 73756K, reserved 1114112K
  class space    used 9230K, capacity 9780K, committed 9856K, reserved 1048576K
}
Event: 35.171 GC heap after
{Heap after GC invocations=18 (full 0):
 garbage-first heap   total 131072K, used 62874K [0x0000000080000000, 0x0000000100000000)
  region size 1024K, 7 young (7168K), 7 survivors (7168K)
 Metaspace       used 71717K, capacity 73434K, committed 73756K, reserved 1114112K
  class space    used 9230K, capacity 9780K, committed 9856K, reserved 1048576K
}

