# JRE version: OpenJDK Runtime Environment (11.0.15) (build 11.0.15+0-b2043.56-8887301)
# Java VM: OpenJDK 64-Bit Server VM (11.0.15+0-b2043.56-8887301, mixed mode, tiered, compressed oops, g1 gc, windows-amd64)
Heap:
 garbage-first heap   total 680960K, used 212992K [0x0000000080000000, 0x0000000100000000)
  region size 1024K, 2 young (2048K), 2 survivors (2048K)
 Metaspace       used 80103K, capacity 82042K, committed 82300K, reserved 1120256K
  class space    used 10376K, capacity 11013K, committed 11136K, reserved 1048576K
GC Heap History (20 events):
Event: 39.075 GC heap after
{Heap after GC invocations=36 (full 0):
 garbage-first heap   total 161792K, used 145524K [0x0000000080000000, 0x0000000100000000)
  region size 1024K, 1 young (1024K), 1 survivors (1024K)
 Metaspace       used 78107K, capacity 80027K, committed 80124K, reserved 1118208K
  class space    used 10031K, capacity 10666K, committed 10752K, reserved 1048576K
}
Event: 39.309 GC heap before
{Heap before GC invocations=37 (full 0):
 garbage-first heap   total 161792K, used 151668K [0x0000000080000000, 0x0000000100000000)
  region size 1024K, 7 young (7168K), 1 survivors (1024K)
 Metaspace       used 78859K, capacity 80830K, committed 81020K, reserved 1120256K
  class space    used 10190K, capacity 10851K, committed 10880K, reserved 1048576K
}
Event: 39.321 GC heap after
{Heap after GC invocations=38 (full 0):
 garbage-first heap   total 161792K, used 147488K [0x0000000080000000, 0x0000000100000000)
  region size 1024K, 1 young (1024K), 1 survivors (1024K)
 Metaspace       used 78859K, capacity 80830K, committed 81020K, reserved 1120256K
  class space    used 10190K, capacity 10851K, committed 10880K, reserved 1048576K
}
Event: 39.512 GC heap before
{Heap before GC invocations=38 (full 0):
 garbage-first heap   total 161792K, used 152608K [0x0000000080000000, 0x0000000100000000)
  region size 1024K, 7 young (7168K), 1 survivors (1024K)
 Metaspace       used 79965K, capacity 81943K, committed 82300K, reserved 1120256K
  class space    used 10385K, capacity 11029K, committed 11136K, reserved 1048576K
}
Event: 39.520 GC heap after
{Heap after GC invocations=39 (full 0):
 garbage-first heap   total 194560K, used 149009K [0x0000000080000000, 0x0000000100000000)
  region size 1024K, 1 young (1024K), 1 survivors (1024K)
 Metaspace       used 79965K, capacity 81943K, committed 82300K, reserved 1120256K
  class space    used 10385K, capacity 11029K, committed 11136K, reserved 1048576K
}
Event: 39.657 GC heap before
{Heap before GC invocations=39 (full 0):
 garbage-first heap   total 194560K, used 160273K [0x0000000080000000, 0x0000000100000000)
  region size 1024K, 10 young (10240K), 1 survivors (1024K)
 Metaspace       used 80068K, capacity 82018K, committed 82300K, reserved 1120256K
  class space    used 10385K, capacity 11029K, committed 11136K, reserved 1048576K
}
Event: 39.667 GC heap after
{Heap after GC invocations=40 (full 0):
 garbage-first heap   total 194560K, used 156281K [0x0000000080000000, 0x0000000100000000)
  region size 1024K, 2 young (2048K), 2 survivors (2048K)
 Metaspace       used 80068K, capacity 82018K, committed 82300K, reserved 1120256K
  class space    used 10385K, capacity 11029K, committed 11136K, reserved 1048576K
}
Event: 39.700 GC heap before
{Heap before GC invocations=40 (full 0):
 garbage-first heap   total 194560K, used 163449K [0x0000000080000000, 0x0000000100000000)
  region size 1024K, 9 young (9216K), 2 survivors (2048K)
 Metaspace       used 80078K, capacity 82018K, committed 82300K, reserved 1120256K
  class space    used 10385K, capacity 11029K, committed 11136K, reserved 1048576K
}
Event: 39.709 GC heap after
{Heap after GC invocations=41 (full 0):
 garbage-first heap   total 194560K, used 160592K [0x0000000080000000, 0x0000000100000000)
  region size 1024K, 2 young (2048K), 2 survivors (2048K)
 Metaspace       used 80078K, capacity 82018K, committed 82300K, reserved 1120256K
  class space    used 10385K, capacity 11029K, committed 11136K, reserved 1048576K
}
Event: 39.743 GC heap before
{Heap before GC invocations=41 (full 0):
 garbage-first heap   total 194560K, used 167760K [0x0000000080000000, 0x0000000100000000)
  region size 1024K, 9 young (9216K), 2 survivors (2048K)
 Metaspace       used 80084K, capacity 82082K, committed 82300K, reserved 1120256K
  class space    used 10385K, capacity 11029K, committed 11136K, reserved 1048576K
}
Event: 39.750 GC heap after
{Heap after GC invocations=42 (full 0):
 garbage-first heap   total 194560K, used 163829K [0x0000000080000000, 0x0000000100000000)
  region size 1024K, 2 young (2048K), 2 survivors (2048K)
 Metaspace       used 80084K, capacity 82082K, committed 82300K, reserved 1120256K
  class space    used 10385K, capacity 11029K, committed 11136K, reserved 1048576K
}
Event: 39.783 GC heap before
{Heap before GC invocations=42 (full 0):
 garbage-first heap   total 194560K, used 170997K [0x0000000080000000, 0x0000000100000000)
  region size 1024K, 9 young (9216K), 2 survivors (2048K)
 Metaspace       used 80089K, capacity 82082K, committed 82300K, reserved 1120256K
  class space    used 10385K, capacity 11029K, committed 11136K, reserved 1048576K
}
Event: 39.801 GC heap after
{Heap after GC invocations=43 (full 0):
 garbage-first heap   total 267264K, used 168088K [0x0000000080000000, 0x0000000100000000)
  region size 1024K, 2 young (2048K), 2 survivors (2048K)
 Metaspace       used 80089K, capacity 82082K, committed 82300K, reserved 1120256K
  class space    used 10385K, capacity 11029K, committed 11136K, reserved 1048576K
}
Event: 40.047 GC heap before
{Heap before GC invocations=43 (full 0):
 garbage-first heap   total 267264K, used 191640K [0x0000000080000000, 0x0000000100000000)
  region size 1024K, 25 young (25600K), 2 survivors (2048K)
 Metaspace       used 80104K, capacity 82085K, committed 82300K, reserved 1120256K
  class space    used 10385K, capacity 11029K, committed 11136K, reserved 1048576K
}
Event: 40.094 GC heap after
{Heap after GC invocations=44 (full 0):
 garbage-first heap   total 267264K, used 181147K [0x0000000080000000, 0x0000000100000000)
  region size 1024K, 4 young (4096K), 4 survivors (4096K)
 Metaspace       used 80104K, capacity 82085K, committed 82300K, reserved 1120256K
  class space    used 10385K, capacity 11029K, committed 11136K, reserved 1048576K
}
Event: 40.450 GC heap before
{Heap before GC invocations=45 (full 0):
 garbage-first heap   total 267264K, used 201627K [0x0000000080000000, 0x0000000100000000)
  region size 1024K, 24 young (24576K), 4 survivors (4096K)
 Metaspace       used 80125K, capacity 82085K, committed 82300K, reserved 1120256K
  class space    used 10385K, capacity 11029K, committed 11136K, reserved 1048576K
}
Event: 40.489 GC heap after
{Heap after GC invocations=46 (full 0):
 garbage-first heap   total 267264K, used 193404K [0x0000000080000000, 0x0000000100000000)
  region size 1024K, 3 young (3072K), 3 survivors (3072K)
 Metaspace       used 80125K, capacity 82085K, committed 82300K, reserved 1120256K
  class space    used 10385K, capacity 11029K, committed 11136K, reserved 1048576K
}
Event: 40.635 GC heap before
{Heap before GC invocations=46 (full 0):
 garbage-first heap   total 267264K, used 209788K [0x0000000080000000, 0x0000000100000000)
  region size 1024K, 20 young (20480K), 3 survivors (3072K)
 Metaspace       used 80128K, capacity 82085K, committed 82300K, reserved 1120256K
  class space    used 10385K, capacity 11029K, committed 11136K, reserved 1048576K
}
Event: 40.664 GC heap after
{Heap after GC invocations=47 (full 0):
 garbage-first heap   total 267264K, used 204288K [0x0000000080000000, 0x0000000100000000)
  region size 1024K, 3 young (3072K), 3 survivors (3072K)
 Metaspace       used 80128K, capacity 82085K, committed 82300K, reserved 1120256K
  class space    used 10385K, capacity 11029K, committed 11136K, reserved 1048576K
}
Event: 41.254 GC heap before
{Heap before GC invocations=47 (full 0):
 garbage-first heap   total 267264K, used 218624K [0x0000000080000000, 0x0000000100000000)
  region size 1024K, 16 young (16384K), 3 survivors (3072K)
 Metaspace       used 80103K, capacity 82042K, committed 82300K, reserved 1120256K
  class space    used 10376K, capacity 11013K, committed 11136K, reserved 1048576K
}

